<?xml version="1.0" encoding="UTF-8"?>
<!-- Generated by org.testng.reporters.JUnitReportReporter -->
<testsuite hostname="LAPTOP-PETR-POLIAKOV" failures="0" tests="1" name="com.example.AppTest" time="0.013" errors="0" timestamp="2024-04-18T11:54:12 YEKT" skipped="0">
  <testcase classname="com.example.AppTest" name="shouldAnswerWithTrue" time="0.013"/>
  <system-out/>
</testsuite> <!-- com.example.AppTest -->
