<?xml version="1.0" encoding="UTF-8"?>
<testsuite xmlns:xsi="http://www.w3.org/2001/XMLSchema-instance" xsi:noNamespaceSchemaLocation="https://maven.apache.org/surefire/maven-surefire-plugin/xsd/surefire-test-report-3.0.xsd" version="3.0" name="WeaponInventoryTest" time="0.325" tests="4" errors="0" skipped="0" failures="0">
  <properties>
    <property name="java.specification.version" value="21"/>
    <property name="sun.cpu.isalist" value="amd64"/>
    <property name="sun.jnu.encoding" value="UTF-8"/>
    <property name="java.class.path" value="C:\Users\Пётр\OneDrive\Рабочий стол\4 семестр\Информационка\Lab4\Unit-Testing\target\test-classes;C:\Users\Пётр\OneDrive\Рабочий стол\4 семестр\Информационка\Lab4\Unit-Testing\target\classes;C:\Users\Пётр\.m2\repository\org\testng\testng\7.7.0\testng-7.7.0.jar;C:\Users\Пётр\.m2\repository\org\slf4j\slf4j-api\1.7.36\slf4j-api-1.7.36.jar;C:\Users\Пётр\.m2\repository\com\beust\jcommander\1.82\jcommander-1.82.jar;C:\Users\Пётр\.m2\repository\org\webjars\jquery\3.6.1\jquery-3.6.1.jar;"/>
    <property name="java.vm.vendor" value="Oracle Corporation"/>
    <property name="sun.arch.data.model" value="64"/>
    <property name="user.variant" value=""/>
    <property name="java.vendor.url" value="https://java.oracle.com/"/>
    <property name="user.timezone" value="Asia/Yekaterinburg"/>
    <property name="os.name" value="Windows 11"/>
    <property name="java.vm.specification.version" value="21"/>
    <property name="sun.java.launcher" value="SUN_STANDARD"/>
    <property name="user.country" value="RU"/>
    <property name="sun.boot.library.path" value="C:\Program Files\Java\jdk-21\bin"/>
    <property name="sun.java.command" value="C:\Users\Пётр\AppData\Local\Temp\surefire5656312960751862562\surefirebooter-20240303161100528_3.jar C:\Users\Пётр\AppData\Local\Temp\surefire5656312960751862562 2024-03-03T16-11-00_440-jvmRun1 surefire-20240303161100528_1tmp surefire_0-20240303161100528_2tmp"/>
    <property name="jdk.debug" value="release"/>
    <property name="surefire.test.class.path" value="C:\Users\Пётр\OneDrive\Рабочий стол\4 семестр\Информационка\Lab4\Unit-Testing\target\test-classes;C:\Users\Пётр\OneDrive\Рабочий стол\4 семестр\Информационка\Lab4\Unit-Testing\target\classes;C:\Users\Пётр\.m2\repository\org\testng\testng\7.7.0\testng-7.7.0.jar;C:\Users\Пётр\.m2\repository\org\slf4j\slf4j-api\1.7.36\slf4j-api-1.7.36.jar;C:\Users\Пётр\.m2\repository\com\beust\jcommander\1.82\jcommander-1.82.jar;C:\Users\Пётр\.m2\repository\org\webjars\jquery\3.6.1\jquery-3.6.1.jar;"/>
    <property name="sun.cpu.endian" value="little"/>
    <property name="user.home" value="C:\Users\Пётр"/>
    <property name="user.language" value="ru"/>
    <property name="java.specification.vendor" value="Oracle Corporation"/>
    <property name="java.version.date" value="2023-10-17"/>
    <property name="java.home" value="C:\Program Files\Java\jdk-21"/>
    <property name="file.separator" value="\"/>
    <property name="basedir" value="C:\Users\Пётр\OneDrive\Рабочий стол\4 семестр\Информационка\Lab4\Unit-Testing"/>
    <property name="java.vm.compressedOopsMode" value="Zero based"/>
    <property name="line.separator" value="&#10;"/>
    <property name="java.vm.specification.vendor" value="Oracle Corporation"/>
    <property name="java.specification.name" value="Java Platform API Specification"/>
    <property name="surefire.real.class.path" value="C:\Users\Пётр\AppData\Local\Temp\surefire5656312960751862562\surefirebooter-20240303161100528_3.jar"/>
    <property name="user.script" value=""/>
    <property name="sun.management.compiler" value="HotSpot 64-Bit Tiered Compilers"/>
    <property name="java.runtime.version" value="21.0.1+12-LTS-29"/>
    <property name="user.name" value="Пётр"/>
    <property name="stdout.encoding" value="UTF-8"/>
    <property name="path.separator" value=";"/>
    <property name="os.version" value="10.0"/>
    <property name="java.runtime.name" value="Java(TM) SE Runtime Environment"/>
    <property name="file.encoding" value="UTF-8"/>
    <property name="java.vm.name" value="Java HotSpot(TM) 64-Bit Server VM"/>
    <property name="localRepository" value="C:\Users\Пётр\.m2\repository"/>
    <property name="java.vendor.url.bug" value="https://bugreport.java.com/bugreport/"/>
    <property name="java.io.tmpdir" value="C:\Users\4A63~1\AppData\Local\Temp\"/>
    <property name="java.version" value="21.0.1"/>
    <property name="user.dir" value="C:\Users\Пётр\OneDrive\Рабочий стол\4 семестр\Информационка\Lab4\Unit-Testing"/>
    <property name="os.arch" value="amd64"/>
    <property name="java.vm.specification.name" value="Java Virtual Machine Specification"/>
    <property name="sun.os.patch.level" value=""/>
    <property name="native.encoding" value="UTF-8"/>
    <property name="java.library.path" value="C:\Program Files\Java\jdk-21\bin;C:\WINDOWS\Sun\Java\bin;C:\WINDOWS\system32;C:\WINDOWS;C:\Users\Пётр\AppData\Local\Programs\Python\Python310\Scripts;C:\Users\Пётр\AppData\Roaming\Microsoft\Windows\Start Menu\Programs\System Tools;C:\Users\Пётр\AppData\Roaming\Microsoft\Windows\Start Menu\Programs\GitHub, Inc;C:\Program Files\Git\bin;C:\Program Files\dotnet\;C:\Program Files\Graphviz\bin;C:\Windows\Microsoft.NET\Framework\v4.0.30319\;C:\Program Files\nodejs;C:\Program Files\Microsoft Visual Studio\2022\Community\Common7\IDE\CommonExtensions\Microsoft\TeamFoundation\Team Explorer\Git\mingw64\bin;C:\Users\Пётр\AppData\Local\Programs\Python\Python310\Scripts;C:\Users\Пётр\.dotnet\tools;C:\Users\Пётр\AppData\Local\Programs\Microsoft VS Code\bin;C:\Program Files\nodejs;C:\Program Files\Microsoft Visual Studio\2022\Community\Common7\IDE\CommonExtensions\Microsoft\TeamFoundation\Team Explorer\Git\mingw64\bin;C:\msys64\mingw64\bin;C:\Program Files\Java\jdk-21\bin;C:\Users\Пётр\OneDrive\Рабочий стол\4 семестр\Информационка\apache-maven-3.9.6\bin;C:\Program Files\Java\jdk-21\bin;C:\Windows\System32\WindowsPowerShell\v1.0;;."/>
    <property name="java.vm.info" value="mixed mode, sharing"/>
    <property name="stderr.encoding" value="UTF-8"/>
    <property name="java.vendor" value="Oracle Corporation"/>
    <property name="java.vm.version" value="21.0.1+12-LTS-29"/>
    <property name="sun.io.unicode.encoding" value="UnicodeLittle"/>
    <property name="java.class.version" value="65.0"/>
  </properties>
  <testcase name="testBuyerBuyItem" classname="WeaponInventoryTest" time="0.013">
    <system-out><![CDATA[Оружие Пистолет куплено за 200.0.
]]></system-out>
    <system-err><![CDATA[SLF4J: Failed to load class "org.slf4j.impl.StaticLoggerBinder".
SLF4J: Defaulting to no-operation (NOP) logger implementation
SLF4J: See http://www.slf4j.org/codes.html#StaticLoggerBinder for further details.
]]></system-err>
  </testcase>
  <testcase name="testBuyerCannotSellItem" classname="WeaponInventoryTest" time="0.001">
    <system-out><![CDATA[Покупатель не может продавать оружие.
]]></system-out>
  </testcase>
  <testcase name="testSellerCannotBuyItem" classname="WeaponInventoryTest" time="0.001">
    <system-out><![CDATA[Продавец не может покупать оружие.
]]></system-out>
  </testcase>
  <testcase name="testSellerSellItem" classname="WeaponInventoryTest" time="0.001">
    <system-out><![CDATA[Оружие Пистолет продано за 200.0.
]]></system-out>
  </testcase>
</testsuite>