<?xml version="1.0" encoding="UTF-8"?>
<!-- Generated by org.testng.reporters.JUnitReportReporter -->
<testsuite hostname="LAPTOP-PETR-POLIAKOV" failures="0" tests="4" name="WeaponInventoryTest" time="0.005" errors="0" timestamp="2024-03-04T11:25:00 YEKT" skipped="0">
  <testcase classname="WeaponInventoryTest" name="testSellerCannotBuyItem" time="0.000"/>
  <system-out/>
  <testcase classname="WeaponInventoryTest" name="testSellerSellItem" time="0.000"/>
  <system-out/>
  <testcase classname="WeaponInventoryTest" name="testBuyerBuyItem" time="0.004"/>
  <system-out/>
  <testcase classname="WeaponInventoryTest" name="testBuyerCannotSellItem" time="0.001"/>
  <system-out/>
</testsuite> <!-- WeaponInventoryTest -->
