<?xml version="1.0" encoding="UTF-8"?>
<!-- Generated by org.testng.reporters.JUnitReportReporter -->
<testsuite hostname="LAPTOP-PETR-POLIAKOV" failures="0" tests="4" name="BuyerTest" time="0.006" errors="0" timestamp="2024-03-04T11:25:00 YEKT" skipped="0">
  <testcase classname="BuyerTest" name="testBuyItemWithEnoughMoney" time="0.000"/>
  <system-out/>
  <testcase classname="BuyerTest" name="testDisplayInventory" time="0.000"/>
  <system-out/>
  <testcase classname="BuyerTest" name="testBuyItemWithoutEnoughMoney" time="0.000"/>
  <system-out/>
  <testcase classname="BuyerTest" name="testBuyItem" time="0.006"/>
  <system-out/>
</testsuite> <!-- BuyerTest -->
