<?xml version="1.0" encoding="UTF-8"?>
<!-- Generated by org.testng.reporters.JUnitReportReporter -->
<testsuite hostname="LAPTOP-PETR-POLIAKOV" failures="0" tests="5" name="CalculatorTest" time="0.010" errors="0" timestamp="2024-03-03T15:26:58 YEKT" skipped="0">
  <testcase classname="CalculatorTest" name="testAdd" time="0.008"/>
  <system-out/>
  <testcase classname="CalculatorTest" name="testDivide" time="0.000"/>
  <system-out/>
  <testcase classname="CalculatorTest" name="testSubtract" time="0.001"/>
  <system-out/>
  <testcase classname="CalculatorTest" name="testDivideByZero" time="0.001"/>
  <system-out/>
  <testcase classname="CalculatorTest" name="testMultiply" time="0.000"/>
  <system-out/>
</testsuite> <!-- CalculatorTest -->
