<?xml version="1.0" encoding="UTF-8"?>
<!-- Generated by org.testng.reporters.JUnitReportReporter -->
<testsuite hostname="LAPTOP-PETR-POLIAKOV" failures="0" tests="1" name="CalculatorTest" time="0.004" errors="0" timestamp="2024-03-03T14:35:18 YEKT" skipped="0">
  <testcase classname="CalculatorTest" name="testAdd" time="0.004"/>
  <system-out/>
</testsuite> <!-- CalculatorTest -->
