<?xml version="1.0" encoding="UTF-8"?>
<!-- Generated by org.testng.reporters.JUnitReportReporter -->
<testsuite hostname="LAPTOP-PETR-POLIAKOV" failures="0" tests="2" name="SellerTest" time="0.006" errors="0" timestamp="2024-03-04T12:45:21 YEKT" skipped="0">
  <testcase classname="SellerTest" name="testInventory" time="0.006"/>
  <system-out/>
  <testcase classname="SellerTest" name="testSellItem" time="0.000"/>
  <system-out/>
</testsuite> <!-- SellerTest -->
