<?xml version="1.0" encoding="UTF-8"?>
<!-- Generated by org.testng.reporters.JUnitReportReporter -->
<testsuite hostname="LAPTOP-PETR-POLIAKOV" failures="0" tests="2" name="SellerTest" time="0.007" errors="0" timestamp="2024-03-03T16:57:54 YEKT" skipped="0">
  <testcase classname="SellerTest" name="testDisplayInventory" time="0.006"/>
  <system-out/>
  <testcase classname="SellerTest" name="testSellItem" time="0.001"/>
  <system-out/>
</testsuite> <!-- SellerTest -->
